SF:lib/logic/dropdown_open/dropdown_open_cubit.dart
DA:6,2
DA:8,1
DA:9,2
DA:10,1
LF:4
LH:4
end_of_record
SF:lib/logic/delete_favorite/delete_favorite_cubit.dart
DA:10,2
DA:12,1
DA:13,1
DA:15,2
DA:17,1
DA:18,0
DA:19,3
LF:7
LH:6
end_of_record
SF:lib/domain/delete_favorite_by_id_use_case.dart
DA:12,1
DA:14,1
DA:16,2
LF:3
LH:3
end_of_record
SF:lib/data/repositories/favorites_repository.dart
DA:22,0
DA:24,0
DA:28,0
DA:29,0
DA:31,0
DA:35,0
DA:39,0
DA:40,0
DA:42,0
DA:46,0
DA:49,0
DA:50,0
DA:52,0
DA:56,0
DA:59,0
DA:62,0
DA:63,0
DA:64,0
DA:66,0
DA:70,0
DA:75,0
DA:76,0
DA:78,0
LF:23
LH:0
end_of_record
SF:lib/core/exceptions/data_exception.dart
DA:17,0
DA:18,0
DA:19,0
DA:22,0
DA:23,0
DA:25,0
DA:29,0
DA:30,0
DA:31,0
DA:34,0
DA:37,0
DA:41,0
DA:42,0
DA:44,0
DA:45,0
DA:46,0
DA:47,0
DA:48,0
DA:50,0
DA:51,0
DA:52,0
DA:53,0
DA:55,0
DA:56,0
DA:57,0
DA:58,0
DA:59,0
DA:61,0
DA:62,0
DA:63,0
DA:64,0
DA:66,0
DA:73,0
DA:74,0
DA:76,0
DA:77,0
LF:36
LH:0
end_of_record
SF:lib/core/resources/strings.dart
DA:6,15
LF:1
LH:1
end_of_record
SF:lib/core/extensions/string_extension.dart
DA:8,0
DA:9,0
DA:11,0
DA:13,0
DA:15,0
DA:16,0
DA:17,0
DA:19,0
DA:25,0
DA:26,0
DA:27,0
DA:30,0
LF:12
LH:0
end_of_record
SF:lib/core/extensions/tastes_extension.dart
DA:8,0
DA:9,0
DA:12,0
DA:14,0
DA:15,0
DA:22,0
DA:23,0
DA:25,0
DA:31,0
DA:32,0
DA:33,0
DA:34,0
DA:35,0
DA:36,0
LF:14
LH:0
end_of_record
SF:lib/data/models/dropdown_model.dart
DA:7,16
DA:9,1
DA:10,3
LF:3
LH:3
end_of_record
SF:lib/data/models/taste_detail_model.dart
DA:20,0
DA:21,0
DA:33,0
DA:34,0
DA:44,0
DA:45,0
DA:55,0
DA:56,0
LF:8
LH:0
end_of_record
SF:lib/data/models/taste_detail_model.g.dart
DA:9,0
DA:11,0
DA:12,0
DA:13,0
DA:14,0
DA:15,0
DA:16,0
DA:17,0
DA:18,0
DA:19,0
DA:20,0
DA:22,0
DA:23,0
DA:24,0
DA:27,0
DA:29,0
DA:30,0
DA:31,0
DA:32,0
DA:33,0
DA:34,0
DA:35,0
DA:36,0
DA:37,0
DA:38,0
DA:41,0
DA:42,0
DA:43,0
DA:44,0
DA:45,0
DA:46,0
DA:49,0
DA:50,0
DA:51,0
DA:52,0
DA:53,0
DA:54,0
DA:57,0
DA:58,0
DA:59,0
DA:60,0
DA:63,0
DA:64,0
DA:65,0
DA:66,0
DA:69,0
DA:71,0
DA:72,0
DA:73,0
DA:76,0
DA:78,0
DA:79,0
DA:80,0
LF:53
LH:0
end_of_record
SF:lib/data/models/taste_model.dart
DA:14,0
DA:15,0
LF:2
LH:0
end_of_record
SF:lib/data/models/taste_model.g.dart
DA:9,0
DA:10,0
DA:11,0
DA:12,0
DA:15,0
DA:16,0
DA:17,0
DA:18,0
LF:8
LH:0
end_of_record
SF:lib/data/models/taste_type_list_model.dart
DA:17,0
DA:18,0
LF:2
LH:0
end_of_record
SF:lib/data/models/taste_type_list_model.g.dart
DA:9,0
DA:11,0
DA:12,0
DA:13,0
DA:14,0
DA:15,0
DA:16,0
DA:17,0
DA:21,0
DA:23,0
DA:24,0
DA:25,0
DA:26,0
DA:27,0
LF:14
LH:0
end_of_record
SF:lib/data/models/taste_list_model.dart
DA:17,0
DA:18,0
LF:2
LH:0
end_of_record
SF:lib/data/models/taste_list_model.g.dart
DA:9,0
DA:10,0
DA:11,0
DA:12,0
DA:13,0
DA:14,0
DA:15,0
DA:16,0
DA:20,0
DA:22,0
DA:23,0
DA:24,0
DA:25,0
DA:26,0
LF:14
LH:0
end_of_record
SF:lib/data/models/taste_type_model.dart
DA:13,0
DA:14,0
LF:2
LH:0
end_of_record
SF:lib/data/models/taste_type_model.g.dart
DA:9,0
DA:10,0
DA:11,0
DA:12,0
DA:15,0
DA:17,0
DA:18,0
DA:19,0
LF:8
LH:0
end_of_record
SF:lib/data/repositories/tastes_repository.dart
DA:22,0
DA:24,0
DA:28,0
DA:29,0
DA:30,0
DA:31,0
DA:32,0
DA:34,0
DA:35,0
DA:36,0
DA:38,0
DA:42,0
DA:46,0
DA:47,0
DA:48,0
DA:49,0
DA:51,0
DA:52,0
DA:53,0
DA:55,0
DA:59,0
DA:62,0
DA:63,0
DA:64,0
DA:65,0
DA:67,0
DA:68,0
DA:69,0
DA:71,0
LF:29
LH:0
end_of_record
SF:lib/data/sources/local/url_image_local_source.dart
DA:11,0
DA:13,0
DA:14,0
LF:3
LH:0
end_of_record
SF:lib/data/sources/remote/tastes_remote_source.dart
DA:21,0
DA:23,0
DA:26,0
DA:27,0
DA:28,0
DA:29,0
DA:30,0
DA:36,0
DA:39,0
DA:40,0
DA:41,0
DA:42,0
DA:43,0
DA:49,0
DA:52,0
DA:53,0
DA:54,0
DA:55,0
DA:56,0
LF:19
LH:0
end_of_record
SF:lib/data/services/tastes_service.g.dart
DA:12,0
DA:24,0
DA:29,0
DA:30,0
DA:34,0
DA:36,0
DA:41,0
DA:42,0
DA:47,0
DA:48,0
DA:49,0
DA:50,0
DA:52,0
DA:55,0
DA:57,0
DA:63,0
DA:65,0
DA:66,0
DA:67,0
DA:69,0
DA:74,0
DA:75,0
DA:76,0
DA:80,0
DA:81,0
DA:82,0
DA:83,0
DA:85,0
DA:88,0
DA:90,0
DA:96,0
DA:98,0
DA:99,0
DA:100,0
DA:102,0
DA:107,0
DA:108,0
DA:113,0
DA:114,0
DA:115,0
DA:116,0
DA:118,0
DA:121,0
DA:123,0
DA:129,0
DA:130,0
DA:131,0
DA:132,0
DA:133,0
DA:134,0
DA:136,0
DA:142,0
DA:146,0
DA:150,0
DA:152,0
DA:153,0
DA:156,0
LF:57
LH:0
end_of_record
SF:lib/domain/obtain_taste_full_use_case.dart
DA:13,1
DA:15,1
DA:17,2
LF:3
LH:3
end_of_record
SF:lib/data/models/favorite_preference_model.dart
DA:15,0
DA:16,0
LF:2
LH:0
end_of_record
SF:lib/data/models/favorite_preference_model.g.dart
DA:9,0
DA:11,0
DA:12,0
DA:13,0
DA:14,0
DA:15,0
DA:18,0
DA:20,0
DA:21,0
DA:22,0
DA:23,0
DA:24,0
LF:12
LH:0
end_of_record
SF:lib/data/sources/local/favorites_preferences_source.dart
DA:19,0
DA:21,0
DA:23,0
DA:25,0
DA:26,0
DA:27,0
DA:33,0
DA:35,0
DA:36,0
DA:37,0
DA:40,0
DA:42,0
DA:45,0
DA:47,0
DA:49,0
DA:50,0
DA:51,0
DA:52,0
DA:53,0
DA:54,0
LF:20
LH:0
end_of_record
SF:lib/domain/delete_all_favorites_use_case.dart
DA:13,1
DA:15,1
DA:17,2
LF:3
LH:3
end_of_record
SF:lib/domain/no_params.dart
DA:4,3
DA:5,3
LF:2
LH:2
end_of_record
SF:lib/logic/delete_all_favorites/delete_all_favorites_cubit.dart
DA:11,2
DA:13,1
DA:14,1
DA:16,3
DA:18,1
DA:19,0
DA:20,3
LF:7
LH:6
end_of_record
SF:lib/logic/splash/verify_session/verify_session_cubit.dart
DA:8,2
DA:9,2
DA:11,1
DA:14,1
DA:17,1
DA:19,1
DA:22,2
DA:24,0
LF:8
LH:7
end_of_record
SF:lib/logic/favorite_list/favorite_list_cubit.dart
DA:13,2
DA:15,1
DA:16,1
DA:18,3
DA:20,1
DA:21,0
DA:22,3
LF:7
LH:6
end_of_record
SF:lib/domain/obtain_favorites_use_case.dart
DA:16,1
DA:18,1
DA:21,2
LF:3
LH:3
end_of_record
SF:lib/domain/create_favorite_use_case.dart
DA:13,1
DA:15,1
DA:17,2
LF:3
LH:3
end_of_record
SF:lib/logic/favorite_form/favorite_form_cubit.dart
DA:12,2
DA:14,0
DA:16,1
DA:17,4
DA:23,1
DA:24,4
DA:26,1
DA:27,4
DA:29,1
DA:31,1
DA:32,2
DA:33,2
DA:34,2
DA:35,2
DA:38,2
DA:40,1
DA:41,0
DA:42,0
DA:43,6
LF:19
LH:16
end_of_record
SF:lib/logic/favorite_form/favorite_form_state.dart
DA:8,3
DA:17,0
LF:2
LH:1
end_of_record
SF:lib/logic/taste_full/taste_full_cubit.dart
DA:11,2
DA:13,1
DA:14,1
DA:16,2
DA:18,1
DA:19,0
DA:20,3
LF:7
LH:6
end_of_record
SF:lib/logic/images/current_taste_image_cubit.dart
DA:4,2
DA:6,1
DA:7,1
LF:3
LH:3
end_of_record
SF:lib/logic/taste_list/taste_list_cubit.dart
DA:12,2
DA:14,1
DA:15,4
DA:17,4
DA:19,3
DA:20,4
DA:22,0
DA:27,5
DA:29,1
DA:30,0
DA:31,0
DA:35,0
DA:38,1
DA:39,1
DA:40,1
DA:42,3
DA:43,0
DA:44,0
DA:45,0
DA:46,0
DA:47,0
DA:52,4
DA:53,1
DA:55,3
DA:57,1
DA:59,1
DA:65,0
DA:66,0
LF:28
LH:17
end_of_record
SF:lib/domain/obtain_taste_list_use_case.dart
DA:13,1
DA:15,1
DA:17,2
LF:3
LH:3
end_of_record
SF:lib/domain/obtain_taste_type_list_use_case.dart
DA:14,1
DA:16,1
DA:18,2
LF:3
LH:3
end_of_record
SF:lib/logic/taste_types/taste_types_cubit.dart
DA:12,2
DA:13,1
DA:16,1
DA:17,1
DA:19,3
DA:21,1
DA:22,0
DA:23,3
LF:8
LH:7
end_of_record
